Arguments: 
  C:\Program Files\nodejs\node.exe C:\Users\Im_Ju\AppData\Roaming\npm\node_modules\yarn\bin\yarn.js init

PATH: 
  C:\Program Files\PowerShell\7;C:\Program Files (x86)\VMware\VMware Player\bin\;C:\Program Files\Common Files\Oracle\Java\javapath;C:\Program Files (x86)\Common Files\Oracle\Java\javapath;C:\Windows\system32;C:\Windows;C:\Windows\System32\Wbem;C:\Windows\System32\WindowsPowerShell\v1.0\;C:\Windows\System32\OpenSSH\;C:\ffmpeg\bin;C:\Program Files\NVIDIA Corporation\NVIDIA NvDLISR;C:\Program Files (x86)\NVIDIA Corporation\PhysX\Common;C:\Program Files\Git\cmd;C:\Program Files\dotnet\;C:\Users\Im_Ju\AppData\Roaming\nvm;C:\Program Files\nodejs;C:\php-8.1.11-nts-Win32-vs16-x64;C:\ProgramData\ComposerSetup\bin;C:\Users\Im_Ju\AppData\Roaming\Python\Python310\Scripts;C:\lua-5.4.2_Win64_bin;C:\nuget\bin;C:\cmder;C:\Program Files\Cloudflare\Cloudflare WARP\;C:\Program Files\Docker\Docker\resources\bin;C:\Program Files\PostgreSQL\15\bin;C:\Program Files\PostgreSQL\15\pgAdmin 4\bin;C:\mysql\mysql-8.0.31-winx64\bin;C:\Apache24\Apache24\bin;C:\Program Files\PowerShell\7\;C:\ProgramData\chocolatey\bin;C:\tools\dart-sdk\bin;C:\Ruby31-x64\bin;C:\Users\Im_Ju\AppData\Local\Programs\Python\Python310\Scripts\;C:\Users\Im_Ju\AppData\Local\Programs\Python\Python310\;C:\Users\Im_Ju\AppData\Local\Microsoft\WindowsApps;C:\Users\Im_Ju\AppData\Roaming\npm;C:\Users\Im_Ju\AppData\Local\Programs\Microsoft VS Code\bin;C:\Program Files\JetBrains\IntelliJ IDEA Community Edition 2022.1.1\bin;;C:\Users\Im_Ju\AppData\Roaming\nvm;C:\Program Files\nodejs;C:\Users\Im_Ju\AppData\Roaming\Composer\vendor\bin;C:\Users\Im_Ju\.deno\bin;C:\tools\dart-sdk\bin;C:\Users\Im_Ju\AppData\Roaming\Pub\Cache\bin

Yarn version: 
  1.22.19

Node version: 
  18.11.0

Platform: 
  win32 x64

Trace: 
  Error: canceled
      at Interface.<anonymous> (C:\Users\Im_Ju\AppData\Roaming\npm\node_modules\yarn\lib\cli.js:137150:13)
      at Interface.emit (node:events:513:28)
      at [_ttyWrite] [as _ttyWrite] (node:internal/readline/interface:1124:18)
      at ReadStream.onkeypress (node:internal/readline/interface:273:20)
      at ReadStream.emit (node:events:513:28)
      at emitKeys (node:internal/readline/utils:357:14)
      at emitKeys.next (<anonymous>)
      at ReadStream.onData (node:internal/readline/emitKeypressEvents:64:36)
      at ReadStream.emit (node:events:513:28)
      at addChunk (node:internal/streams/readable:324:12)

npm manifest: 
  No manifest

yarn manifest: 
  No manifest

Lockfile: 
  No lockfile
